<?xml version="1.0" encoding="UTF-8"?>
<!-- Generated by org.testng.reporters.JUnitXMLReporter -->
<testsuite hostname="DESKTOP-3VCTBOU" name="Default test(failed)" tests="1" failures="1" timestamp="9 May 2020 06:57:57 GMT" time="0.076" errors="0">
  <testcase name="test2" time="0.034" classname="org.read.Execution">
    <failure type="java.lang.AssertionError" message="expected [true] but found [false]">
      <![CDATA[java.lang.AssertionError: expected [true] but found [false]
	at org.read.Execution.test2(Execution.java:28)
... Removed 28 stack frames]]>
    </failure>
  </testcase> <!-- test2 -->
</testsuite> <!-- Default test(failed) -->
