<?xml version="1.0" encoding="UTF-8"?>
<!-- Generated by org.testng.reporters.JUnitXMLReporter -->
<testsuite hostname="DESKTOP-3VCTBOU" name="Test1" tests="3" failures="2" timestamp="11 May 2020 09:33:01 GMT" time="260.552" errors="0">
  <testcase name="test1" time="16.178" classname="org.read.Execution">
    <failure type="java.lang.AssertionError" message="expected [true] but found [false]">
      <![CDATA[java.lang.AssertionError: expected [true] but found [false]
	at org.read.Execution.test1(Execution.java:41)
... Removed 28 stack frames]]>
    </failure>
  </testcase> <!-- test1 -->
  <testcase name="test2" time="16.369" classname="org.read.Execution"/>
  <testcase name="test3" time="19.802" classname="org.read.Execution">
    <failure type="java.lang.AssertionError" message="expected [true] but found [false]">
      <![CDATA[java.lang.AssertionError: expected [true] but found [false]
	at org.read.Execution.test3(Execution.java:64)
... Removed 28 stack frames]]>
    </failure>
  </testcase> <!-- test3 -->
</testsuite> <!-- Test1 -->
