<?xml version="1.0" encoding="UTF-8"?>
<!-- Generated by org.testng.reporters.JUnitXMLReporter -->
<testsuite hostname="DESKTOP-3VCTBOU" name="Test" tests="5" failures="0" timestamp="8 May 2020 07:21:11 GMT" time="0.148" errors="0">
  <testcase name="test3" time="0.03" classname="org.read.A"/>
  <testcase name="test1" time="0.03" classname="org.read.Execution"/>
  <testcase name="test4" time="0.036" classname="org.read.A"/>
  <testcase name="test2" time="0.035" classname="org.read.Execution"/>
  <testcase name="test5" time="0.007" classname="org.read.Execution"/>
</testsuite> <!-- Test -->
